

 SAP2000 v20.1.0 Ultimate 64-bit (Analysis Build 9626/64)
 File: C:\Puentes\Modificado\PuenteMod.LOG




 B E G I N   A N A L Y S I S                                2018/09/25  13:22:35


 RUNNING ANALYSIS WITHIN THE GUI PROCESS
 USING THE ADVANCED SOLVER (PROVIDES LIMITED INSTABILITY INFORMATION)

 NUMBER OF JOINTS                          =         227
    WITH RESTRAINTS                        =          13
 NUMBER OF FRAME/CABLE/TENDON ELEMENTS     =         428
 NUMBER OF LOAD PATTERNS                   =         187
 NUMBER OF ACCELERATION LOADS              =           9
 NUMBER OF LOAD CASES                      =           8

 ADDRESSABLE PHYSICAL MEMORY (RAM)         =      15.950 GB

 PARALLELIZATION OF ANALYSIS OPERATIONS:
 (Env. variable SAPFIRE_NUM_THREADS        =           0)
 NUMBER OF THREADS: STATE (AUTOMATIC)      =           4
 NUMBER OF THREADS: STIFFNESS (AUTOMATIC)  =           4
 NUMBER OF THREADS: EVENT (AUTOMATIC)      =           4
 NUMBER OF THREADS: MOVE (AUTOMATIC)       =           4
 NUMBER OF THREADS: RESPONSE (AUTOMATIC)   =           4
 NUMBER OF THREADS: SOLVE (AUTOMATIC)      =           4
 NUMBER OF THREADS: FORM (AUTOMATIC)       =           4


 E L E M E N T   F O R M A T I O N                                      13:22:35



 L I N E A R   E Q U A T I O N   S O L U T I O N                        13:22:35

 FORMING STIFFNESS AT ZERO (UNSTRESSED) INITIAL CONDITIONS

 TOTAL NUMBER OF EQUILIBRIUM EQUATIONS     =        1319
 NUMBER OF NON-ZERO STIFFNESS TERMS        =       17850

 ---------------------------------
 BASIC STABILITY CHECK FOR LINEAR LOAD CASES:
    NUMBER OF NEGATIVE STIFFNESS EIGENVALUES SHOULD BE ZERO FOR STABILITY.
    (NOTE: FURTHER CHECKS SHOULD BE CONSIDERED AS DEEMED NECESSARY,
     SUCH AS REVIEWING EIGEN MODES FOR MECHANISMS AND RIGID-BODY MOTION)

    NUMBER OF NEGATIVE EIGENVALUES         =           0,  OK.
 ---------------------------------


 L I N E A R   S T A T I C   C A S E S                                  13:22:35

 USING STIFFNESS AT ZERO (UNSTRESSED) INITIAL CONDITIONS

 TOTAL NUMBER OF CASES TO SOLVE            =           4
 NUMBER OF CASES TO SOLVE PER BLOCK        =           4

 LINEAR STATIC CASES TO BE SOLVED:

 CASE: DEAD
 CASE: CM
 CASE: TEMP
 CASE: TENDON


 N O N L I N E A R   S T A T I C   A N A L Y S I S                      13:22:35

 CASE: LCASE1

 STARTING FROM ZERO (UNSTRESSED) INITIAL CONDITIONS

 NUMBER OF STAGES                          =          14
 STAGES ARE CONSECUTIVE OR INDEPENDENT     = CONSECUTIVE
 LOAD CONTROL TYPE                         =       FORCE
 TYPE OF GEOMETRIC NONLINEARITY            =        NONE
 USE EVENT STEPPING                        =         YES
 USE ITERATION                             =         YES
 USE LINE SEARCH                           =          NO
 EVENT LUMPING TOLERANCE                   =    0.010000
 FORCE CONVERGENCE TOLERANCE (RELATIVE)    =    0.000100

 CASE: LCASE1
 STAGE LABEL: Deck
 STAGE NUMBER 1 OF 14 STAGES
 OUTPUT REQUESTED FOR THIS STAGE           =         YES
 ENTIRE STRUCTURE IS ACTIVE                =          NO
 CHANGES TO ELEMENTS IN STRUCTURE          =    ADD ONLY
 TIME AT BEGINNING OF STAGE (DAYS)         =     .000000
 DURATION OF STAGE (DAYS)                  =     .000000

 Negative iterations are Constant-Stiffness
 Positive iterations are Newton-Raphson

  Saved    Null   Total  Iteration   Relative  Curr Step   Curr Sum    Max Sum
  Steps   Steps   Steps  this Step  Unbalance       Size   of Steps   of Steps
 (    1      50     200     -10/40   1.000000   1.000000   1.000000   1.000000)

      0       0       1  Conv   -1   0.003762   1.000000   1.000000   1.000000

 CASE: LCASE1
 STAGE LABEL: Sidelwalk
 STAGE NUMBER 2 OF 14 STAGES
 OUTPUT REQUESTED FOR THIS STAGE           =         YES
 ENTIRE STRUCTURE IS ACTIVE                =          NO
 CHANGES TO ELEMENTS IN STRUCTURE          =    ADD ONLY
 TIME AT BEGINNING OF STAGE (DAYS)         =     .000000
 DURATION OF STAGE (DAYS)                  =     .000000

 Negative iterations are Constant-Stiffness
 Positive iterations are Newton-Raphson

  Saved    Null   Total  Iteration   Relative  Curr Step   Curr Sum    Max Sum
  Steps   Steps   Steps  this Step  Unbalance       Size   of Steps   of Steps
 (    1      50     200     -10/40   1.000000   1.000000   1.000000   1.000000)

      1       0       1  Conv   -1   0.000105   1.000000   1.000000   1.000000

 CASE: LCASE1
 STAGE LABEL: Towers
 STAGE NUMBER 3 OF 14 STAGES
 OUTPUT REQUESTED FOR THIS STAGE           =         YES
 ENTIRE STRUCTURE IS ACTIVE                =          NO
 CHANGES TO ELEMENTS IN STRUCTURE          =    ADD ONLY
 TIME AT BEGINNING OF STAGE (DAYS)         =     .000000
 DURATION OF STAGE (DAYS)                  =     .000000

 Negative iterations are Constant-Stiffness
 Positive iterations are Newton-Raphson

  Saved    Null   Total  Iteration   Relative  Curr Step   Curr Sum    Max Sum
  Steps   Steps   Steps  this Step  Unbalance       Size   of Steps   of Steps
 (    1      50     200     -10/40   1.000000   1.000000   1.000000   1.000000)

      1       0       1  Conv   -1    .000000   1.000000   1.000000   1.000000

 CASE: LCASE1
 STAGE LABEL: Arch_1
 STAGE NUMBER 4 OF 14 STAGES
 OUTPUT REQUESTED FOR THIS STAGE           =         YES
 ENTIRE STRUCTURE IS ACTIVE                =          NO
 CHANGES TO ELEMENTS IN STRUCTURE          =    ADD ONLY
 TIME AT BEGINNING OF STAGE (DAYS)         =     .000000
 DURATION OF STAGE (DAYS)                  =     .000000

 Negative iterations are Constant-Stiffness
 Positive iterations are Newton-Raphson

  Saved    Null   Total  Iteration   Relative  Curr Step   Curr Sum    Max Sum
  Steps   Steps   Steps  this Step  Unbalance       Size   of Steps   of Steps
 (    1      50     200     -10/40   1.000000   1.000000   1.000000   1.000000)

      1       0       1  Conv   -1   0.000580   1.000000   1.000000   1.000000

 CASE: LCASE1
 STAGE LABEL: Arch_2
 STAGE NUMBER 5 OF 14 STAGES
 OUTPUT REQUESTED FOR THIS STAGE           =         YES
 ENTIRE STRUCTURE IS ACTIVE                =          NO
 CHANGES TO ELEMENTS IN STRUCTURE          =    ADD ONLY
 TIME AT BEGINNING OF STAGE (DAYS)         =     .000000
 DURATION OF STAGE (DAYS)                  =     .000000

 Negative iterations are Constant-Stiffness
 Positive iterations are Newton-Raphson

  Saved    Null   Total  Iteration   Relative  Curr Step   Curr Sum    Max Sum
  Steps   Steps   Steps  this Step  Unbalance       Size   of Steps   of Steps
 (    1      50     200     -10/40   1.000000   1.000000   1.000000   1.000000)

      1       0       1         -1  72102.985   1.000000    .000000    .000000
      1       0       1         -2  72105.044   1.000000    .000000    .000000
      1       0       1         -3  71932.859   1.000000    .000000    .000000
      1       0       1         -4  71932.835   1.000000    .000000    .000000
      1       0       1         -5  71933.835   1.000000    .000000    .000000
      1       0       1         -6  71933.835   1.000000    .000000    .000000
      1       0       1          1  44479.553   1.000000    .000000    .000000
      1       0       1  Conv    2   0.002346   1.000000   1.000000   1.000000

 CASE: LCASE1
 STAGE LABEL: Link
 STAGE NUMBER 6 OF 14 STAGES
 OUTPUT REQUESTED FOR THIS STAGE           =         YES
 ENTIRE STRUCTURE IS ACTIVE                =          NO
 CHANGES TO ELEMENTS IN STRUCTURE          = REMOVE ONLY
 TIME AT BEGINNING OF STAGE (DAYS)         =     .000000
 DURATION OF STAGE (DAYS)                  =     .000000

 Negative iterations are Constant-Stiffness
 Positive iterations are Newton-Raphson

  Saved    Null   Total  Iteration   Relative  Curr Step   Curr Sum    Max Sum
  Steps   Steps   Steps  this Step  Unbalance       Size   of Steps   of Steps
 (    1      50     200     -10/40   1.000000   1.000000   1.000000   1.000000)

      1       0       1  Conv   -1   6.30E-06   1.000000   1.000000   1.000000

 CASE: LCASE1
 STAGE LABEL: Tendon
 STAGE NUMBER 7 OF 14 STAGES
 OUTPUT REQUESTED FOR THIS STAGE           =         YES
 ENTIRE STRUCTURE IS ACTIVE                =          NO
 CHANGES TO ELEMENTS IN STRUCTURE          =        NONE
 TIME AT BEGINNING OF STAGE (DAYS)         =     .000000
 DURATION OF STAGE (DAYS)                  =     .000000

 Negative iterations are Constant-Stiffness
 Positive iterations are Newton-Raphson

  Saved    Null   Total  Iteration   Relative  Curr Step   Curr Sum    Max Sum
  Steps   Steps   Steps  this Step  Unbalance       Size   of Steps   of Steps
 (    1      50     200     -10/40   1.000000   1.000000   1.000000   1.000000)

      1       0       1         -1 617.277227   1.000000    .000000    .000000
      1       0       1         -2   1148.795   1.000000    .000000    .000000
      1       0       1         -3   1144.607   1.000000    .000000    .000000
      1       0       1         -4   1140.452   1.000000    .000000    .000000
      1       0       1         -5   1136.329   1.000000    .000000    .000000
      1       0       1         -6   1132.238   1.000000    .000000    .000000
      1       0       1         -7   1128.179   1.000000    .000000    .000000
      1       0       1         -8   1124.152   1.000000    .000000    .000000
      1       0       1         -9   1120.156   1.000000    .000000    .000000
      1       0       1        -10   1116.191   1.000000    .000000    .000000
      1       0       1          1   1155.379   1.000000    .000000    .000000
      1       0       1          2 1.2660E+08   1.000000    .000000    .000000
      1       0       1          3 1.1782E+07   1.000000    .000000    .000000
      1       0       1          4 6.7473E+07   1.000000    .000000    .000000
      1       0       1  Conv    5   0.000966   1.000000   1.000000   1.000000

 CASE: LCASE1
 STAGE LABEL: Remove tower
 STAGE NUMBER 8 OF 14 STAGES
 OUTPUT REQUESTED FOR THIS STAGE           =         YES
 ENTIRE STRUCTURE IS ACTIVE                =          NO
 CHANGES TO ELEMENTS IN STRUCTURE          = REMOVE ONLY
 TIME AT BEGINNING OF STAGE (DAYS)         =     .000000
 DURATION OF STAGE (DAYS)                  =     .000000

 Negative iterations are Constant-Stiffness
 Positive iterations are Newton-Raphson

  Saved    Null   Total  Iteration   Relative  Curr Step   Curr Sum    Max Sum
  Steps   Steps   Steps  this Step  Unbalance       Size   of Steps   of Steps
 (    1      50     200     -10/40   1.000000   1.000000   1.000000   1.000000)

      1       0       1  Conv   -1   4.39E-06   1.000000   1.000000   1.000000

 CASE: LCASE1
 STAGE LABEL: Hanger retain_1
 STAGE NUMBER 9 OF 14 STAGES
 OUTPUT REQUESTED FOR THIS STAGE           =         YES
 ENTIRE STRUCTURE IS ACTIVE                =          NO
 CHANGES TO ELEMENTS IN STRUCTURE          =        NONE
 TIME AT BEGINNING OF STAGE (DAYS)         =     .000000
 DURATION OF STAGE (DAYS)                  =     .000000

 Negative iterations are Constant-Stiffness
 Positive iterations are Newton-Raphson

  Saved    Null   Total  Iteration   Relative  Curr Step   Curr Sum    Max Sum
  Steps   Steps   Steps  this Step  Unbalance       Size   of Steps   of Steps
 (    1      50     200     -10/40   1.000000   1.000000   1.000000   1.000000)

      1       0       1  Conv   -1    .000000   1.000000   1.000000   1.000000

 CASE: LCASE1
 STAGE LABEL: Hanger retain_2
 STAGE NUMBER 10 OF 14 STAGES
 OUTPUT REQUESTED FOR THIS STAGE           =         YES
 ENTIRE STRUCTURE IS ACTIVE                =          NO
 CHANGES TO ELEMENTS IN STRUCTURE          =        NONE
 TIME AT BEGINNING OF STAGE (DAYS)         =     .000000
 DURATION OF STAGE (DAYS)                  =     .000000

 Negative iterations are Constant-Stiffness
 Positive iterations are Newton-Raphson

  Saved    Null   Total  Iteration   Relative  Curr Step   Curr Sum    Max Sum
  Steps   Steps   Steps  this Step  Unbalance       Size   of Steps   of Steps
 (    1      50     200     -10/40   1.000000   1.000000   1.000000   1.000000)

      1       0       1  Conv   -1    .000000   1.000000   1.000000   1.000000

 CASE: LCASE1
 STAGE LABEL: Network Hanger_1
 STAGE NUMBER 11 OF 14 STAGES
 OUTPUT REQUESTED FOR THIS STAGE           =         YES
 ENTIRE STRUCTURE IS ACTIVE                =          NO
 CHANGES TO ELEMENTS IN STRUCTURE          =    ADD ONLY
 TIME AT BEGINNING OF STAGE (DAYS)         =     .000000
 DURATION OF STAGE (DAYS)                  =     .000000

 Negative iterations are Constant-Stiffness
 Positive iterations are Newton-Raphson

  Saved    Null   Total  Iteration   Relative  Curr Step   Curr Sum    Max Sum
  Steps   Steps   Steps  this Step  Unbalance       Size   of Steps   of Steps
 (    1      50     200     -10/40   1.000000   1.000000   1.000000   1.000000)

      1       0       1  Conv   -1   0.066828   1.000000   1.000000   1.000000

 CASE: LCASE1
 STAGE LABEL: Network Hanger_2
 STAGE NUMBER 12 OF 14 STAGES
 OUTPUT REQUESTED FOR THIS STAGE           =         YES
 ENTIRE STRUCTURE IS ACTIVE                =          NO
 CHANGES TO ELEMENTS IN STRUCTURE          =    ADD ONLY
 TIME AT BEGINNING OF STAGE (DAYS)         =     .000000
 DURATION OF STAGE (DAYS)                  =     .000000

 Negative iterations are Constant-Stiffness
 Positive iterations are Newton-Raphson

  Saved    Null   Total  Iteration   Relative  Curr Step   Curr Sum    Max Sum
  Steps   Steps   Steps  this Step  Unbalance       Size   of Steps   of Steps
 (    1      50     200     -10/40   1.000000   1.000000   1.000000   1.000000)

      1       0       1  Conv   -1   0.074753   1.000000   1.000000   1.000000

 CASE: LCASE1
 STAGE LABEL: Network Hanger_3
 STAGE NUMBER 13 OF 14 STAGES
 OUTPUT REQUESTED FOR THIS STAGE           =         YES
 ENTIRE STRUCTURE IS ACTIVE                =          NO
 CHANGES TO ELEMENTS IN STRUCTURE          =    ADD ONLY
 TIME AT BEGINNING OF STAGE (DAYS)         =     .000000
 DURATION OF STAGE (DAYS)                  =     .000000

 Negative iterations are Constant-Stiffness
 Positive iterations are Newton-Raphson

  Saved    Null   Total  Iteration   Relative  Curr Step   Curr Sum    Max Sum
  Steps   Steps   Steps  this Step  Unbalance       Size   of Steps   of Steps
 (    1      50     200     -10/40   1.000000   1.000000   1.000000   1.000000)

      1       0       1  Conv   -1   0.188720   1.000000   1.000000   1.000000

 CASE: LCASE1
 STAGE LABEL: Network Hanger_4
 STAGE NUMBER 14 OF 14 STAGES
 OUTPUT REQUESTED FOR THIS STAGE           =         YES
 ENTIRE STRUCTURE IS ACTIVE                =          NO
 CHANGES TO ELEMENTS IN STRUCTURE          =    ADD ONLY
 TIME AT BEGINNING OF STAGE (DAYS)         =     .000000
 DURATION OF STAGE (DAYS)                  =     .000000

 Negative iterations are Constant-Stiffness
 Positive iterations are Newton-Raphson

  Saved    Null   Total  Iteration   Relative  Curr Step   Curr Sum    Max Sum
  Steps   Steps   Steps  this Step  Unbalance       Size   of Steps   of Steps
 (    1      50     200     -10/40   1.000000   1.000000   1.000000   1.000000)

      1       0       1  Conv   -1   0.270144   1.000000   1.000000   1.000000

 ----------------------------------------
 BASIC STABILITY CHECK FOR FORCE-CONTROLLED NONLINEAR STATIC LOAD CASES:
    NUMBER OF NEGATIVE STIFFNESS EIGENVALUES SHOULD BE ZERO FOR STABILITY.
    (NOTE: FURTHER CHECKS SHOULD BE CONSIDERED AS DEEMED NECESSARY)

    NUMBER FOUND AT FINAL CONVERGED STATE  =           0,  OK.
 ----------------------------------------

 NUMBER OF STIFFNESS FORMATIONS/SOLUTIONS  =          20

 TIME FOR INITIALIZING ANALYSIS            =        0.00
 TIME FOR CONTROLLING ANALYSIS             =        0.05
 TIME FOR UPDATING LOADS AND STATE         =        0.27
 TIME FOR FORMING STIFFNESS MATRIX         =        0.00
 TIME FOR SOLVING STIFFNESS MATRIX         =        0.70
 TIME FOR CALCULATING DISPLACEMENTS        =        0.32
 TIME FOR DETERMINING EVENTS               =        0.00
 TIME FOR SAVING RESULTS                   =        0.01
                                               ----------
 TOTAL TIME FOR THIS ANALYSIS              =        1.35


 N O N L I N E A R   S T A T I C   A N A L Y S I S                      13:22:36

 CASE: LCASET0

 CONTINUING FROM THE END OF CASE: LCASE1

 NUMBER OF STAGES                          =           1
 STAGES ARE CONSECUTIVE OR INDEPENDENT     = CONSECUTIVE
 LOAD CONTROL TYPE                         =       FORCE
 TYPE OF GEOMETRIC NONLINEARITY            =        NONE
 USE EVENT STEPPING                        =         YES
 USE ITERATION                             =         YES
 USE LINE SEARCH                           =          NO
 EVENT LUMPING TOLERANCE                   =    0.010000
 FORCE CONVERGENCE TOLERANCE (RELATIVE)    =    0.000100

 CASE: LCASET0
 STAGE LABEL: Hanger
 STAGE NUMBER 1 OF 1 STAGES
 OUTPUT REQUESTED FOR THIS STAGE           =  Set to YES (FOR LAST STEP)
 ENTIRE STRUCTURE IS ACTIVE                =          NO
 CHANGES TO ELEMENTS IN STRUCTURE          =    ADD ONLY
 TIME AT BEGINNING OF STAGE (DAYS)         =     .000000
 DURATION OF STAGE (DAYS)                  =     .000000

 Negative iterations are Constant-Stiffness
 Positive iterations are Newton-Raphson

  Saved    Null   Total  Iteration   Relative  Curr Step   Curr Sum    Max Sum
  Steps   Steps   Steps  this Step  Unbalance       Size   of Steps   of Steps
 (    1      50     200     -10/40   1.000000   1.000000   1.000000   1.000000)

      0       0       1         -1   3398.282   1.000000    .000000    .000000
      0       0       1         -2   2195.387   1.000000    .000000    .000000
      0       0       1         -3   2526.571   1.000000    .000000    .000000
      0       0       1         -4   2051.928   1.000000    .000000    .000000
      0       0       1         -5   2386.789   1.000000    .000000    .000000
      0       0       1         -6   2170.114   1.000000    .000000    .000000
      0       0       1         -7   2457.068   1.000000    .000000    .000000
      0       0       1          1   3398.282   1.000000    .000000    .000000
      0       0       1          2   1360.044   1.000000    .000000    .000000
      0       0       1  Conv    3   0.000795   1.000000   1.000000   1.000000

 ----------------------------------------
 BASIC STABILITY CHECK FOR FORCE-CONTROLLED NONLINEAR STATIC LOAD CASES:
    NUMBER OF NEGATIVE STIFFNESS EIGENVALUES SHOULD BE ZERO FOR STABILITY.
    (NOTE: FURTHER CHECKS SHOULD BE CONSIDERED AS DEEMED NECESSARY)

    NUMBER FOUND AT FINAL CONVERGED STATE  =           0,  OK.
 ----------------------------------------

 NUMBER OF STIFFNESS FORMATIONS/SOLUTIONS  =           4

 TIME FOR INITIALIZING ANALYSIS            =        0.04
 TIME FOR CONTROLLING ANALYSIS             =        0.03
 TIME FOR UPDATING LOADS AND STATE         =        0.04
 TIME FOR FORMING STIFFNESS MATRIX         =        0.00
 TIME FOR SOLVING STIFFNESS MATRIX         =        0.09
 TIME FOR CALCULATING DISPLACEMENTS        =        0.08
 TIME FOR DETERMINING EVENTS               =        0.01
 TIME FOR SAVING RESULTS                   =        0.00
                                               ----------
 TOTAL TIME FOR THIS ANALYSIS              =        0.29


 N O N L I N E A R   S T A T I C   A N A L Y S I S                      13:22:36

 CASE: LCASET1

 CONTINUING FROM THE END OF CASE: LCASE1

 NUMBER OF STAGES                          =           1
 STAGES ARE CONSECUTIVE OR INDEPENDENT     = CONSECUTIVE
 LOAD CONTROL TYPE                         =       FORCE
 TYPE OF GEOMETRIC NONLINEARITY            =        NONE
 USE EVENT STEPPING                        =         YES
 USE ITERATION                             =         YES
 USE LINE SEARCH                           =          NO
 EVENT LUMPING TOLERANCE                   =    0.010000
 FORCE CONVERGENCE TOLERANCE (RELATIVE)    =    0.000100

 CASE: LCASET1
 STAGE LABEL: Hanger
 STAGE NUMBER 1 OF 1 STAGES
 OUTPUT REQUESTED FOR THIS STAGE           =  Set to YES (FOR LAST STEP)
 ENTIRE STRUCTURE IS ACTIVE                =          NO
 CHANGES TO ELEMENTS IN STRUCTURE          =    ADD ONLY
 TIME AT BEGINNING OF STAGE (DAYS)         =     .000000
 DURATION OF STAGE (DAYS)                  =     .000000

 Negative iterations are Constant-Stiffness
 Positive iterations are Newton-Raphson

  Saved    Null   Total  Iteration   Relative  Curr Step   Curr Sum    Max Sum
  Steps   Steps   Steps  this Step  Unbalance       Size   of Steps   of Steps
 (    1      50     200     -10/40   1.000000   1.000000   1.000000   1.000000)

      0       0       1         -1 387.487022   1.000000    .000000    .000000
      0       0       1         -2 192.168126   1.000000    .000000    .000000
      0       0       1         -3 120.003871   1.000000    .000000    .000000
      0       0       1         -4  76.516423   1.000000    .000000    .000000
      0       0       1         -5  48.867704   1.000000    .000000    .000000
      0       0       1         -6  31.215076   1.000000    .000000    .000000
      0       0       1         -7  19.939722   1.000000    .000000    .000000
      0       0       1         -8  12.737271   1.000000    .000000    .000000
      0       0       1         -9   8.136438   1.000000    .000000    .000000
      0       0       1        -10   5.197475   1.000000    .000000    .000000
      0       0       1          1 387.487022   1.000000    .000000    .000000
      0       0       1  Conv    2   0.000676   1.000000   1.000000   1.000000

 ----------------------------------------
 BASIC STABILITY CHECK FOR FORCE-CONTROLLED NONLINEAR STATIC LOAD CASES:
    NUMBER OF NEGATIVE STIFFNESS EIGENVALUES SHOULD BE ZERO FOR STABILITY.
    (NOTE: FURTHER CHECKS SHOULD BE CONSIDERED AS DEEMED NECESSARY)

    NUMBER FOUND AT FINAL CONVERGED STATE  =           0,  OK.
 ----------------------------------------

 NUMBER OF STIFFNESS FORMATIONS/SOLUTIONS  =           3

 TIME FOR INITIALIZING ANALYSIS            =        0.05
 TIME FOR CONTROLLING ANALYSIS             =        0.04
 TIME FOR UPDATING LOADS AND STATE         =        0.03
 TIME FOR FORMING STIFFNESS MATRIX         =        0.00
 TIME FOR SOLVING STIFFNESS MATRIX         =        0.07
 TIME FOR CALCULATING DISPLACEMENTS        =        0.14
 TIME FOR DETERMINING EVENTS               =        0.00
 TIME FOR SAVING RESULTS                   =        0.01
                                               ----------
 TOTAL TIME FOR THIS ANALYSIS              =        0.34


 N O N L I N E A R   S T A T I C   A N A L Y S I S                      13:22:37

 CASE: LCASET2

 CONTINUING FROM THE END OF CASE: LCASE1

 NUMBER OF STAGES                          =           1
 STAGES ARE CONSECUTIVE OR INDEPENDENT     = CONSECUTIVE
 LOAD CONTROL TYPE                         =       FORCE
 TYPE OF GEOMETRIC NONLINEARITY            =        NONE
 USE EVENT STEPPING                        =         YES
 USE ITERATION                             =         YES
 USE LINE SEARCH                           =          NO
 EVENT LUMPING TOLERANCE                   =    0.010000
 FORCE CONVERGENCE TOLERANCE (RELATIVE)    =    0.000100

 CASE: LCASET2
 STAGE LABEL: Hanger
 STAGE NUMBER 1 OF 1 STAGES
 OUTPUT REQUESTED FOR THIS STAGE           =  Set to YES (FOR LAST STEP)
 ENTIRE STRUCTURE IS ACTIVE                =          NO
 CHANGES TO ELEMENTS IN STRUCTURE          =    ADD ONLY
 TIME AT BEGINNING OF STAGE (DAYS)         =     .000000
 DURATION OF STAGE (DAYS)                  =     .000000

 Negative iterations are Constant-Stiffness
 Positive iterations are Newton-Raphson

  Saved    Null   Total  Iteration   Relative  Curr Step   Curr Sum    Max Sum
  Steps   Steps   Steps  this Step  Unbalance       Size   of Steps   of Steps
 (    1      50     200     -10/40   1.000000   1.000000   1.000000   1.000000)

      0       0       1         -1   4934.596   1.000000    .000000    .000000
      0       0       1         -2   3476.672   1.000000    .000000    .000000
      0       0       1         -3   5708.228   1.000000    .000000    .000000
      0       0       1         -4   5489.332   1.000000    .000000    .000000
      0       0       1         -5   5840.067   1.000000    .000000    .000000
      0       0       1          1   4934.596   1.000000    .000000    .000000
      0       0       1          2   1465.764   1.000000    .000000    .000000
      0       0       1  Conv    3   0.000685   1.000000   1.000000   1.000000

 ----------------------------------------
 BASIC STABILITY CHECK FOR FORCE-CONTROLLED NONLINEAR STATIC LOAD CASES:
    NUMBER OF NEGATIVE STIFFNESS EIGENVALUES SHOULD BE ZERO FOR STABILITY.
    (NOTE: FURTHER CHECKS SHOULD BE CONSIDERED AS DEEMED NECESSARY)

    NUMBER FOUND AT FINAL CONVERGED STATE  =           0,  OK.
 ----------------------------------------

 NUMBER OF STIFFNESS FORMATIONS/SOLUTIONS  =           4

 TIME FOR INITIALIZING ANALYSIS            =        0.05
 TIME FOR CONTROLLING ANALYSIS             =        0.02
 TIME FOR UPDATING LOADS AND STATE         =        0.03
 TIME FOR FORMING STIFFNESS MATRIX         =        0.00
 TIME FOR SOLVING STIFFNESS MATRIX         =        0.09
 TIME FOR CALCULATING DISPLACEMENTS        =        0.08
 TIME FOR DETERMINING EVENTS               =        0.00
 TIME FOR SAVING RESULTS                   =        0.00
                                               ----------
 TOTAL TIME FOR THIS ANALYSIS              =        0.27


 A N A L Y S I S   C O M P L E T E                          2018/09/25  13:22:37
